# JRE version: Java(TM) SE Runtime Environment (14.0.2+12) (build 14.0.2+12-46)
# Java VM: Java HotSpot(TM) 64-Bit Server VM (14.0.2+12-46, mixed mode, sharing, tiered, compressed oops, g1 gc, windows-amd64)
Heap:
 garbage-first heap   total 79872K, used 38575K [0x0000000080a00000, 0x0000000100000000)
  region size 1024K, 5 young (5120K), 3 survivors (3072K)
 Metaspace       used 68103K, capacity 69936K, committed 70136K, reserved 1110016K
  class space    used 8991K, capacity 9684K, committed 9728K, reserved 1048576K
GC Heap History (20 events):
Event: 15.381 GC heap before
{Heap before GC invocations=17 (full 0):
 garbage-first heap   total 66560K, used 52875K [0x0000000080a00000, 0x0000000100000000)
  region size 1024K, 32 young (32768K), 2 survivors (2048K)
 Metaspace       used 40368K, capacity 41559K, committed 41672K, reserved 1085440K
  class space    used 4970K, capacity 5434K, committed 5504K, reserved 1048576K
}
Event: 15.389 GC heap after
{Heap after GC invocations=18 (full 0):
 garbage-first heap   total 66560K, used 24904K [0x0000000080a00000, 0x0000000100000000)
  region size 1024K, 4 young (4096K), 4 survivors (4096K)
 Metaspace       used 40368K, capacity 41559K, committed 41672K, reserved 1085440K
  class space    used 4970K, capacity 5434K, committed 5504K, reserved 1048576K
}
Event: 16.501 GC heap before
{Heap before GC invocations=19 (full 0):
 garbage-first heap   total 66560K, used 52552K [0x0000000080a00000, 0x0000000100000000)
  region size 1024K, 32 young (32768K), 4 survivors (4096K)
 Metaspace       used 42975K, capacity 44222K, committed 44488K, reserved 1087488K
  class space    used 5401K, capacity 5889K, committed 6016K, reserved 1048576K
}
Event: 16.510 GC heap after
{Heap after GC invocations=20 (full 0):
 garbage-first heap   total 66560K, used 26451K [0x0000000080a00000, 0x0000000100000000)
  region size 1024K, 4 young (4096K), 4 survivors (4096K)
 Metaspace       used 42975K, capacity 44222K, committed 44488K, reserved 1087488K
  class space    used 5401K, capacity 5889K, committed 6016K, reserved 1048576K
}
Event: 17.094 GC heap before
{Heap before GC invocations=20 (full 0):
 garbage-first heap   total 66560K, used 54099K [0x0000000080a00000, 0x0000000100000000)
  region size 1024K, 31 young (31744K), 4 survivors (4096K)
 Metaspace       used 46028K, capacity 47291K, committed 47432K, reserved 1091584K
  class space    used 5915K, capacity 6399K, committed 6400K, reserved 1048576K
}
Event: 17.102 GC heap after
{Heap after GC invocations=21 (full 0):
 garbage-first heap   total 66560K, used 27760K [0x0000000080a00000, 0x0000000100000000)
  region size 1024K, 3 young (3072K), 3 survivors (3072K)
 Metaspace       used 46028K, capacity 47291K, committed 47432K, reserved 1091584K
  class space    used 5915K, capacity 6399K, committed 6400K, reserved 1048576K
}
Event: 17.873 GC heap before
{Heap before GC invocations=21 (full 0):
 garbage-first heap   total 66560K, used 54384K [0x0000000080a00000, 0x0000000100000000)
  region size 1024K, 29 young (29696K), 3 survivors (3072K)
 Metaspace       used 49844K, capacity 51186K, committed 51400K, reserved 1093632K
  class space    used 6467K, capacity 6965K, committed 7040K, reserved 1048576K
}
Event: 17.882 GC heap after
{Heap after GC invocations=22 (full 0):
 garbage-first heap   total 66560K, used 29128K [0x0000000080a00000, 0x0000000100000000)
  region size 1024K, 3 young (3072K), 3 survivors (3072K)
 Metaspace       used 49844K, capacity 51186K, committed 51400K, reserved 1093632K
  class space    used 6467K, capacity 6965K, committed 7040K, reserved 1048576K
}
Event: 19.745 GC heap before
{Heap before GC invocations=22 (full 0):
 garbage-first heap   total 66560K, used 54728K [0x0000000080a00000, 0x0000000100000000)
  region size 1024K, 28 young (28672K), 3 survivors (3072K)
 Metaspace       used 54356K, capacity 55829K, committed 56136K, reserved 1097728K
  class space    used 7049K, capacity 7614K, committed 7680K, reserved 1048576K
}
Event: 19.754 GC heap after
{Heap after GC invocations=23 (full 0):
 garbage-first heap   total 66560K, used 31017K [0x0000000080a00000, 0x0000000100000000)
  region size 1024K, 4 young (4096K), 4 survivors (4096K)
 Metaspace       used 54356K, capacity 55829K, committed 56136K, reserved 1097728K
  class space    used 7049K, capacity 7614K, committed 7680K, reserved 1048576K
}
Event: 20.629 GC heap before
{Heap before GC invocations=23 (full 0):
 garbage-first heap   total 66560K, used 53545K [0x0000000080a00000, 0x0000000100000000)
  region size 1024K, 26 young (26624K), 4 survivors (4096K)
 Metaspace       used 56533K, capacity 57994K, committed 58056K, reserved 1099776K
  class space    used 7460K, capacity 8015K, committed 8064K, reserved 1048576K
}
Event: 20.637 GC heap after
{Heap after GC invocations=24 (full 0):
 garbage-first heap   total 79872K, used 31847K [0x0000000080a00000, 0x0000000100000000)
  region size 1024K, 3 young (3072K), 3 survivors (3072K)
 Metaspace       used 56533K, capacity 57994K, committed 58056K, reserved 1099776K
  class space    used 7460K, capacity 8015K, committed 8064K, reserved 1048576K
}
Event: 21.629 GC heap before
{Heap before GC invocations=24 (full 0):
 garbage-first heap   total 79872K, used 64615K [0x0000000080a00000, 0x0000000100000000)
  region size 1024K, 36 young (36864K), 3 survivors (3072K)
 Metaspace       used 60046K, capacity 61492K, committed 61640K, reserved 1101824K
  class space    used 7962K, capacity 8542K, committed 8576K, reserved 1048576K
}
Event: 21.637 GC heap after
{Heap after GC invocations=25 (full 0):
 garbage-first heap   total 79872K, used 33171K [0x0000000080a00000, 0x0000000100000000)
  region size 1024K, 4 young (4096K), 4 survivors (4096K)
 Metaspace       used 60046K, capacity 61492K, committed 61640K, reserved 1101824K
  class space    used 7962K, capacity 8542K, committed 8576K, reserved 1048576K
}
Event: 23.945 GC heap before
{Heap before GC invocations=25 (full 0):
 garbage-first heap   total 79872K, used 64915K [0x0000000080a00000, 0x0000000100000000)
  region size 1024K, 36 young (36864K), 4 survivors (4096K)
 Metaspace       used 62417K, capacity 63980K, committed 64072K, reserved 1103872K
  class space    used 8279K, capacity 8900K, committed 8960K, reserved 1048576K
}
Event: 23.958 GC heap after
{Heap after GC invocations=26 (full 0):
 garbage-first heap   total 79872K, used 34829K [0x0000000080a00000, 0x0000000100000000)
  region size 1024K, 4 young (4096K), 4 survivors (4096K)
 Metaspace       used 62417K, capacity 63980K, committed 64072K, reserved 1103872K
  class space    used 8279K, capacity 8900K, committed 8960K, reserved 1048576K
}
Event: 26.046 GC heap before
{Heap before GC invocations=26 (full 0):
 garbage-first heap   total 79872K, used 65549K [0x0000000080a00000, 0x0000000100000000)
  region size 1024K, 34 young (34816K), 4 survivors (4096K)
 Metaspace       used 65738K, capacity 67513K, committed 67656K, reserved 1107968K
  class space    used 8725K, capacity 9415K, committed 9472K, reserved 1048576K
}
Event: 26.058 GC heap after
{Heap after GC invocations=27 (full 0):
 garbage-first heap   total 79872K, used 36516K [0x0000000080a00000, 0x0000000100000000)
  region size 1024K, 4 young (4096K), 4 survivors (4096K)
 Metaspace       used 65738K, capacity 67513K, committed 67656K, reserved 1107968K
  class space    used 8725K, capacity 9415K, committed 9472K, reserved 1048576K
}
Event: 82.094 GC heap before
{Heap before GC invocations=27 (full 0):
 garbage-first heap   total 79872K, used 58020K [0x0000000080a00000, 0x0000000100000000)
  region size 1024K, 26 young (26624K), 4 survivors (4096K)
 Metaspace       used 67939K, capacity 69704K, committed 69880K, reserved 1110016K
  class space    used 8965K, capacity 9649K, committed 9728K, reserved 1048576K
}
Event: 82.104 GC heap after
{Heap after GC invocations=28 (full 0):
 garbage-first heap   total 79872K, used 37551K [0x0000000080a00000, 0x0000000100000000)
  region size 1024K, 3 young (3072K), 3 survivors (3072K)
 Metaspace       used 67939K, capacity 69704K, committed 69880K, reserved 1110016K
  class space    used 8965K, capacity 9649K, committed 9728K, reserved 1048576K
}

